<?xml version="1.0" encoding="UTF-8"?>
<!-- Generated by org.testng.reporters.JUnitXMLReporter -->
<testsuite ignored="0" hostname="amanpc" failures="2" tests="24" name="Test" time="71.737" errors="0" timestamp="2023-04-21T12:37:11 EDT">
  <testcase classname="com.dsalgo.qa.testcase.SignInPageTest" name="ClickRegisterLnkSignInPageValidationTest" time="0.182"/>
  <testcase classname="com.dsalgo.qa.testcase.SignInPageTest" name="ClickSignoutLnkValidationTest" time="0.556"/>
  <testcase classname="com.dsalgo.qa.testcase.SignInPageTest" name="LoginUserwithValidCredentialsValidationTest" time="0.497"/>
  <testcase classname="com.dsalgo.qa.testcase.SignInPageTest" name="VerifyUserLogin" time="0.01">
    <failure type="java.lang.AssertionError" message="expected [https://dsportalapp.herokuapp.com/logins] but found [https://dsportalapp.herokuapp.com/login]">
      <![CDATA[java.lang.AssertionError: expected [https://dsportalapp.herokuapp.com/logins] but found [https://dsportalapp.herokuapp.com/login]
at com.dsalgo.qa.testcase.SignInPageTest.VerifyUserLogin(SignInPageTest.java:65)
at java.base/java.util.ArrayList.forEach(ArrayList.java:1511)
... Removed 33 stack frames]]>
    </failure>
  </testcase> <!-- VerifyUserLogin -->
  <testcase classname="com.dsalgo.qa.testcase.SignInPageTest" name="LoginUserWithInvalidCredentialsValidationTest" time="0.336"/>
  <testcase classname="com.dsalgo.qa.testcase.ArrayPageTest" name="ArrayPageValidationTest" time="2.915"/>
  <testcase classname="com.dsalgo.qa.testcase.RegisterPageTest" name="ClickRegisterBtnWithDifferentPasswordsTest" time="0.396"/>
  <testcase classname="com.dsalgo.qa.testcase.RegisterPageTest" name="ClickRegisterBtnWithEmptyFieldsTest" time="0.071"/>
  <testcase classname="com.dsalgo.qa.testcase.RegisterPageTest" name="RegisterErrorEmptyfieldBelowPasswordTxtbox" time="0.173"/>
  <testcase classname="com.dsalgo.qa.testcase.RegisterPageTest" name="RegisterNewUserTest" time="0.497"/>
  <testcase classname="com.dsalgo.qa.testcase.RegisterPageTest" name="VerifyUserLandedRegisterPageTest" time="0.007"/>
  <testcase classname="com.dsalgo.qa.testcase.DataStructurePageTest" name="DataStructureValidationTest" time="1.741"/>
  <testcase classname="com.dsalgo.qa.testcase.GetStartedTest" name="getStartedButtonClickTest" time="0.25"/>
  <testcase classname="com.dsalgo.qa.testcase.GetStartedTest" name="validateUserLandingHomePageTest" time="0.012"/>
  <testcase classname="com.dsalgo.qa.testcase.HomePageTest" name="VerifyUserLandedHomePageTest" time="0.006"/>
  <testcase classname="com.dsalgo.qa.testcase.HomePageTest" name="ValidateUserLandedLoginPageClickingLoginBtn" time="0.121"/>
  <testcase classname="com.dsalgo.qa.testcase.HomePageTest" name="ValidateUserLandedRegisterPageClickingRegisterBtn" time="0.122"/>
  <testcase classname="com.dsalgo.qa.testcase.HomePageTest" name="UserClicksGetStartedBtnWithoutLoginGetErrorMsg" time="0.178"/>
  <testcase classname="com.dsalgo.qa.testcase.HomePageTest" name="UserSelectValueFromDropdownClickGetStartedWithoutLoginGetErrorMsg" time="10.044">
    <failure type="org.openqa.selenium.ElementNotInteractableException" message="element not interactable
  (Session info: chrome=112.0.5615.86)
Build info: version: &amp;apos;4.6.0&amp;apos;, revision: &amp;apos;79f1c02ae20&amp;apos;
System info: os.name: &amp;apos;Windows 11&amp;apos;, os.arch: &amp;apos;amd64&amp;apos;, os.version: &amp;apos;10.0&amp;apos;, java.version: &amp;apos;17.0.2&amp;apos;
Driver info: org.openqa.selenium.chrome.ChromeDriver
Command: [5ebcca0ec749d916c822ebcda92c0236, clickElement {id=fb14e3b4-454c-41c4-bb4e-9a64e5785402}]
Capabilities {acceptInsecureCerts: false, browserName: chrome, browserVersion: 112.0.5615.86, chrome: {chromedriverVersion: 112.0.5615.49 (bd2a7bcb881c..., userDataDir: C:\Users\bassa\AppData\Loca...}, goog:chromeOptions: {debuggerAddress: localhost:53713}, networkConnectionEnabled: false, pageLoadStrategy: normal, platformName: WINDOWS, proxy: Proxy(), se:cdp: ws://localhost:53713/devtoo..., se:cdpVersion: 112.0.5615.86, setWindowRect: true, strictFileInteractability: false, timeouts: {implicit: 0, pageLoad: 300000, script: 30000}, unhandledPromptBehavior: dismiss and notify, webauthn:extension:credBlob: true, webauthn:extension:largeBlob: true, webauthn:extension:minPinLength: true, webauthn:extension:prf: true, webauthn:virtualAuthenticators: true}
Element: [[ChromeDriver: chrome on WINDOWS (5ebcca0ec749d916c822ebcda92c0236)] -&amp;gt; xpath: //a[@class=&amp;apos;dropdown-item&amp;apos; and @href=&amp;apos;/array&amp;apos;]]
Session ID: 5ebcca0ec749d916c822ebcda92c0236">
      <![CDATA[org.openqa.selenium.ElementNotInteractableException: element not interactable
  (Session info: chrome=112.0.5615.86)
Build info: version: '4.6.0', revision: '79f1c02ae20'
System info: os.name: 'Windows 11', os.arch: 'amd64', os.version: '10.0', java.version: '17.0.2'
Driver info: org.openqa.selenium.chrome.ChromeDriver
Command: [5ebcca0ec749d916c822ebcda92c0236, clickElement {id=fb14e3b4-454c-41c4-bb4e-9a64e5785402}]
Capabilities {acceptInsecureCerts: false, browserName: chrome, browserVersion: 112.0.5615.86, chrome: {chromedriverVersion: 112.0.5615.49 (bd2a7bcb881c..., userDataDir: C:\Users\bassa\AppData\Loca...}, goog:chromeOptions: {debuggerAddress: localhost:53713}, networkConnectionEnabled: false, pageLoadStrategy: normal, platformName: WINDOWS, proxy: Proxy(), se:cdp: ws://localhost:53713/devtoo..., se:cdpVersion: 112.0.5615.86, setWindowRect: true, strictFileInteractability: false, timeouts: {implicit: 0, pageLoad: 300000, script: 30000}, unhandledPromptBehavior: dismiss and notify, webauthn:extension:credBlob: true, webauthn:extension:largeBlob: true, webauthn:extension:minPinLength: true, webauthn:extension:prf: true, webauthn:virtualAuthenticators: true}
Element: [[ChromeDriver: chrome on WINDOWS (5ebcca0ec749d916c822ebcda92c0236)] -> xpath: //a[@class='dropdown-item' and @href='/array']]
Session ID: 5ebcca0ec749d916c822ebcda92c0236
at org.openqa.selenium.remote.codec.w3c.W3CHttpResponseCodec.createException(W3CHttpResponseCodec.java:200)
at org.openqa.selenium.remote.codec.w3c.W3CHttpResponseCodec.decode(W3CHttpResponseCodec.java:133)
at org.openqa.selenium.remote.codec.w3c.W3CHttpResponseCodec.decode(W3CHttpResponseCodec.java:53)
at org.openqa.selenium.remote.HttpCommandExecutor.execute(HttpCommandExecutor.java:184)
at org.openqa.selenium.remote.service.DriverCommandExecutor.invokeExecute(DriverCommandExecutor.java:167)
at org.openqa.selenium.remote.service.DriverCommandExecutor.execute(DriverCommandExecutor.java:142)
at org.openqa.selenium.remote.RemoteWebDriver.execute(RemoteWebDriver.java:541)
at org.openqa.selenium.remote.RemoteWebElement.execute(RemoteWebElement.java:257)
at org.openqa.selenium.remote.RemoteWebElement.click(RemoteWebElement.java:78)
at org.openqa.selenium.support.pagefactory.internal.LocatingElementHandler.invoke(LocatingElementHandler.java:52)
at jdk.proxy2/jdk.proxy2.$Proxy35.click(Unknown Source)
at com.dsalgo.qa.pages.HomePage.selectValueFromdropdown(HomePage.java:162)
at com.dsalgo.qa.testcase.HomePageTest.UserSelectValueFromDropdownClickGetStartedWithoutLoginGetErrorMsg(HomePageTest.java:93)
at java.base/java.util.ArrayList.forEach(ArrayList.java:1511)
... Removed 35 stack frames]]>
    </failure>
  </testcase> <!-- UserSelectValueFromDropdownClickGetStartedWithoutLoginGetErrorMsg -->
  <testcase classname="com.dsalgo.qa.testcase.TreePageTest" name="TreePageValidationTest" time="2.911"/>
  <testcase classname="com.dsalgo.qa.testcase.GraphPageTest" name="GraphPageValidationTest" time="2.634"/>
  <testcase classname="com.dsalgo.qa.testcase.LinkedListPageTest" name="VerifyUserLandedLinkedListPage" time="2.843"/>
  <testcase classname="com.dsalgo.qa.testcase.QueuePageTest" name="VerifyUserLandedPage" time="2.658"/>
  <testcase classname="com.dsalgo.qa.testcase.StackPageTest" name="VerifyUserLandedStackPage" time="2.7"/>
</testsuite> <!-- Test -->
