<?xml version="1.0" encoding="UTF-8"?>
<!-- Generated by org.testng.reporters.JUnitXMLReporter -->
<testsuite ignored="0" hostname="amanpc" failures="0" tests="5" name="Sanity" time="7.965" errors="0" timestamp="2022-11-11T16:45:23 EST">
  <testcase classname="testSuite.Module1" name="clickRegister" time="0.223"/>
  <testcase classname="testSuite.Module1" name="clickSignin" time="0.115"/>
  <testcase classname="testSuite.Module2" name="test001" time="0.001"/>
  <testcase classname="testSuite.Module2" name="test002" time="0.0"/>
  <testcase classname="testSuite.Module2" name="test003" time="0.0"/>
</testsuite> <!-- Sanity -->
