<?xml version="1.0" encoding="UTF-8"?>
<!-- Generated by org.testng.reporters.JUnitXMLReporter -->
<testsuite ignored="0" hostname="amanpc" failures="0" tests="2" name="verifyUserLoginSucess" time="5.721" errors="0" timestamp="2023-03-17T10:47:30 EDT">
  <testcase classname="com.dsalgo.qa.testcase.SignInPageTest" name="VerifyUserLogin" time="0.031"/>
  <testcase classname="com.dsalgo.qa.testcase.SignInPageTest" name="verifyUserLoginSucess" time="0.438"/>
</testsuite> <!-- verifyUserLoginSucess -->
